
up to date in 426ms

> @regenera/design-system@1.0.0 all
> node tools/all.mjs

clean: ok
validate: ok; files=68; tokens=76; contrast=19.28
build: 76 tokens; source=ede5242c5e615c5097e0ec9db266f29d983e35c47010847fd6cccfb2b0a1cedb
TAP version 13
# Subtest: owner nominal existe
ok 1 - owner nominal existe
  ---
  duration_ms: 0.689436
  type: 'test'
  ...
# Subtest: autoaprovação é bloqueada
ok 2 - autoaprovação é bloqueada
  ---
  duration_ms: 0.181592
  type: 'test'
  ...
# Subtest: aprovação sem assinatura é bloqueada
ok 3 - aprovação sem assinatura é bloqueada
  ---
  duration_ms: 0.098998
  type: 'test'
  ...
# Subtest: owner ausente torna controle ineficaz
ok 4 - owner ausente torna controle ineficaz
  ---
  duration_ms: 0.127862
  type: 'test'
  ...
# Subtest: evidência ausente torna controle ineficaz
ok 5 - evidência ausente torna controle ineficaz
  ---
  duration_ms: 0.102925
  type: 'test'
  ...
# Subtest: exceção vencida bloqueia controle
ok 6 - exceção vencida bloqueia controle
  ---
  duration_ms: 0.209055
  type: 'test'
  ...
# Subtest: controles bloqueantes possuem evidência e métrica
ok 7 - controles bloqueantes possuem evidência e métrica
  ---
  duration_ms: 0.205389
  type: 'test'
  ...
# Subtest: revisão independente é exigida
ok 8 - revisão independente é exigida
  ---
  duration_ms: 0.110847
  type: 'test'
  ...
# Subtest: árvore não contém resíduos locais
ok 9 - árvore não contém resíduos locais
  ---
  duration_ms: 47.170167
  type: 'test'
  ...
# Subtest: workflow possui permissão somente leitura
ok 10 - workflow possui permissão somente leitura
  ---
  duration_ms: 1.224079
  type: 'test'
  ...
# Subtest: workflow fixa checkout por hash
ok 11 - workflow fixa checkout por hash
  ---
  duration_ms: 1.155897
  type: 'test'
  ...
# Subtest: runtime não contém URL externa
ok 12 - runtime não contém URL externa
  ---
  duration_ms: 7.453649
  type: 'test'
  ...
# Subtest: manifesto do build fecha quatro plataformas
ok 13 - manifesto do build fecha quatro plataformas
  ---
  duration_ms: 1.42733
  type: 'test'
  ...
# Subtest: licença proprietária está presente
ok 14 - licença proprietária está presente
  ---
  duration_ms: 1.085545
  type: 'test'
  ...
# Subtest: nomes de token são únicos
ok 15 - nomes de token são únicos
  ---
  duration_ms: 2.301949
  type: 'test'
  ...
# Subtest: contraste principal supera o mínimo
ok 16 - contraste principal supera o mínimo
  ---
  duration_ms: 0.358528
  type: 'test'
  ...
# Subtest: alvo de toque não cai abaixo de 44
ok 17 - alvo de toque não cai abaixo de 44
  ---
  duration_ms: 0.08641
  type: 'test'
  ...
# Subtest: movimento reduzido é obrigatório
ok 18 - movimento reduzido é obrigatório
  ---
  duration_ms: 0.081883
  type: 'test'
  ...
# Subtest: estados financeiros críticos existem
ok 19 - estados financeiros críticos existem
  ---
  duration_ms: 0.16646
  type: 'test'
  ...
# Subtest: build é determinístico
ok 20 - build é determinístico
  ---
  duration_ms: 215.787407
  type: 'test'
  ...
# Subtest: quatro plataformas são geradas
ok 21 - quatro plataformas são geradas
  ---
  duration_ms: 0.907173
  type: 'test'
  ...
# Subtest: saída web contém tokens semânticos
ok 22 - saída web contém tokens semânticos
  ---
  duration_ms: 0.761495
  type: 'test'
  ...
# Subtest: saídas nativas preservam a marca primária
ok 23 - saídas nativas preservam a marca primária
  ---
  duration_ms: 1.841837
  type: 'test'
  ...
# Subtest: escape bloqueia marcação executável
ok 24 - escape bloqueia marcação executável
  ---
  duration_ms: 1.287239
  type: 'test'
  ...
# Subtest: dinheiro usa bigint e mantém centavos
ok 25 - dinheiro usa bigint e mantém centavos
  ---
  duration_ms: 13.941977
  type: 'test'
  ...
# Subtest: dinheiro recusa number
ok 26 - dinheiro recusa number
  ---
  duration_ms: 0.460441
  type: 'test'
  ...
# Subtest: botão possui tipo explícito e estado acessível
ok 27 - botão possui tipo explícito e estado acessível
  ---
  duration_ms: 0.307432
  type: 'test'
  ...
# Subtest: botão recusa variante desconhecida
ok 28 - botão recusa variante desconhecida
  ---
  duration_ms: 0.134462
  type: 'test'
  ...
# Subtest: campo monetário relaciona erro ao input
ok 29 - campo monetário relaciona erro ao input
  ---
  duration_ms: 0.319741
  type: 'test'
  ...
# Subtest: status desconhecido não aceita valor arbitrário
ok 30 - status desconhecido não aceita valor arbitrário
  ---
  duration_ms: 0.254522
  type: 'test'
  ...
# Subtest: estado unknown proíbe repetição cega
ok 31 - estado unknown proíbe repetição cega
  ---
  duration_ms: 0.220181
  type: 'test'
  ...
# Subtest: consentimento usa fieldset e required real
ok 32 - consentimento usa fieldset e required real
  ---
  duration_ms: 0.43266
  type: 'test'
  ...
# Subtest: comprovante escapa linhas adicionais
ok 33 - comprovante escapa linhas adicionais
  ---
  duration_ms: 0.607893
  type: 'test'
  ...
1..33
# tests 33
# suites 0
# pass 33
# fail 0
# cancelled 0
# skipped 0
# todo 0
# duration_ms 373.082982
security: ok; scanned=68
evidence: files=76
verify-release: ok; files=76
evidence: files=86
verify-release: ok; files=86
verify-release: ok; files=86
